2021-09-09 10:23:29.512 ==> ************************************************************************
2021-09-09 10:23:29.512 ==> 日志记录初始化完毕
2021-09-09 10:23:29.512 ==> ************************************************************************
2021-09-09 10:23:29.513 ==> 启动日志....
2021-09-09 10:23:29.513 ==> 开始连接....
2021-09-09 10:23:29.634 ==> 连接成功....
2021-09-09 10:23:29.734 ==> 发送指令成功: FUNCID = 110100, iParkID = 0, nReqItem = 1, nRequestID = 0
2021-09-09 10:23:30.919 ==> 指令应答: FUNCID = 110100, iParkID = 0, nAnsItems = 1, nAnsItemSize = 248, nAnsResult = 0, szErrorInfo = 
2021-09-09 10:23:30.919 ==> 发送指令成功: FUNCID = 992000, iParkID = 1, nReqItem = 1, nRequestID = 0
2021-09-09 10:23:31.163 ==> 启动日志....
2021-09-09 10:23:31.163 ==> 指令应答: FUNCID = 992000, iParkID = 1, nAnsItems = 1, nAnsItemSize = 4, nAnsResult = 0, szErrorInfo = 
2021-09-09 10:23:31.163 ==> 开始连接....
2021-09-09 10:23:31.192 ==> 连接成功....
2021-09-09 10:23:31.277 ==> 发送指令成功: FUNCID = 110100, iParkID = 2, nReqItem = 1, nRequestID = 0
2021-09-09 10:23:31.370 ==> 指令应答: FUNCID = 110100, iParkID = 2, nAnsItems = 1, nAnsItemSize = 248, nAnsResult = 0, szErrorInfo = 
2021-09-09 10:23:31.370 ==> 发送指令成功: FUNCID = 992000, iParkID = 3, nReqItem = 1, nRequestID = 0
2021-09-09 10:23:31.398 ==> 指令应答: FUNCID = 992000, iParkID = 3, nAnsItems = 1, nAnsItemSize = 4, nAnsResult = 0, szErrorInfo = 
2021-09-09 10:23:41.661 ==> 发送指令成功: FUNCID = 140303, iParkID = 8, nReqItem = 1, nRequestID = 0
2021-09-09 10:23:42.661 ==> 发送指令成功: FUNCID = 140306, iParkID = 9, nReqItem = 1, nRequestID = 0
2021-09-09 10:23:43.088 ==> 指令应答: FUNCID = 140303, iParkID = 8, nAnsItems = 7, nAnsItemSize = 578, nAnsResult = 0, szErrorInfo = 
2021-09-09 10:23:43.661 ==> 发送指令成功: FUNCID = 140302, iParkID = 10, nReqItem = 1, nRequestID = 0
2021-09-09 10:23:43.931 ==> 指令应答: FUNCID = 140306, iParkID = 9, nAnsItems = 7, nAnsItemSize = 538, nAnsResult = 0, szErrorInfo = 
2021-09-09 10:23:44.275 ==> 指令应答: FUNCID = 140302, iParkID = 10, nAnsItems = 3, nAnsItemSize = 369, nAnsResult = 0, szErrorInfo = 
2021-09-09 10:23:44.661 ==> 发送指令成功: FUNCID = 140301, iParkID = 12, nReqItem = 1, nRequestID = 0
2021-09-09 10:23:44.661 ==> 发送指令成功: FUNCID = 110303, iParkID = 13, nReqItem = 1, nRequestID = 0
2021-09-09 10:23:44.692 ==> 指令应答: FUNCID = 110303, iParkID = 13, nAnsItems = 0, nAnsItemSize = 0, nAnsResult = 0, szErrorInfo = 
2021-09-09 10:23:45.401 ==> 指令应答: FUNCID = 140301, iParkID = 12, nAnsItems = 1, nAnsItemSize = 138, nAnsResult = 0, szErrorInfo = 
2021-09-09 10:23:45.661 ==> 发送指令成功: FUNCID = 110306, iParkID = 14, nReqItem = 1, nRequestID = 0
2021-09-09 10:23:45.693 ==> 指令应答: FUNCID = 110306, iParkID = 14, nAnsItems = 0, nAnsItemSize = 0, nAnsResult = 0, szErrorInfo = 
2021-09-09 10:23:46.661 ==> 发送指令成功: FUNCID = 110302, iParkID = 16, nReqItem = 1, nRequestID = 0
2021-09-09 10:23:47.661 ==> 发送指令成功: FUNCID = 110301, iParkID = 17, nReqItem = 1, nRequestID = 0
2021-09-09 10:23:47.824 ==> 指令应答: FUNCID = 110301, iParkID = 17, nAnsItems = 1, nAnsItemSize = 106, nAnsResult = 0, szErrorInfo = 
2021-09-09 10:23:53.523 ==> 发送指令成功: FUNCID = 110200, iParkID = 20, nReqItem = 1, nRequestID = 0
2021-09-09 10:23:53.555 ==> 指令应答: FUNCID = 110200, iParkID = 20, nAnsItems = 1, nAnsItemSize = 320, nAnsResult = -1, szErrorInfo = 委托价格(8.589)超出涨跌幅限制(6.060 ~ 7.400)!
2021-09-09 10:24:00.574 ==> 指令应答: FUNCID = 110302, iParkID = 16, nAnsItems = 4493, nAnsItemSize = 255, nAnsResult = 0, szErrorInfo = 
2021-09-09 10:24:21.233 ==> 发送指令成功: FUNCID = 110200, iParkID = 32, nReqItem = 1, nRequestID = 0
2021-09-09 10:24:21.263 ==> 指令应答: FUNCID = 110200, iParkID = 32, nAnsItems = 1, nAnsItemSize = 320, nAnsResult = -1, szErrorInfo = 买入/卖出非整手[1 100]!
2021-09-09 10:24:28.095 ==> 发送指令成功: FUNCID = 110200, iParkID = 35, nReqItem = 1, nRequestID = 0
2021-09-09 10:24:28.130 ==> 指令应答: FUNCID = 110200, iParkID = 35, nAnsItems = 1, nAnsItemSize = 320, nAnsResult = 0, szErrorInfo = 
2021-09-09 10:24:28.131 ==> 指令应答: FUNCID = 110303, iParkID = 0, nAnsItems = 1, nAnsItemSize = 436, nAnsResult = 0, szErrorInfo = 
2021-09-09 10:24:28.296 ==> 指令应答: FUNCID = 110306, iParkID = 0, nAnsItems = 1, nAnsItemSize = 456, nAnsResult = 0, szErrorInfo = 
2021-09-09 10:24:28.296 ==> 指令应答: FUNCID = 110303, iParkID = 0, nAnsItems = 1, nAnsItemSize = 436, nAnsResult = 0, szErrorInfo = 
