2021-09-09 10:10:06.389 ==> ************************************************************************
2021-09-09 10:10:06.389 ==> 日志记录初始化完毕
2021-09-09 10:10:06.389 ==> ************************************************************************
2021-09-09 10:10:06.389 ==> 启动日志....
2021-09-09 10:10:06.389 ==> 开始连接....
2021-09-09 10:10:06.401 ==> 连接成功....
2021-09-09 10:10:06.494 ==> 发送指令成功: FUNCID = 110100, iParkID = 0, nReqItem = 1, nRequestID = 0
2021-09-09 10:10:07.214 ==> 指令应答: FUNCID = 110100, iParkID = 0, nAnsItems = 1, nAnsItemSize = 248, nAnsResult = 0, szErrorInfo = 
2021-09-09 10:10:07.214 ==> 发送指令成功: FUNCID = 992000, iParkID = 1, nReqItem = 1, nRequestID = 0
2021-09-09 10:10:07.225 ==> 指令应答: FUNCID = 992000, iParkID = 1, nAnsItems = 1, nAnsItemSize = 4, nAnsResult = 0, szErrorInfo = 
2021-09-09 10:10:07.477 ==> 启动日志....
2021-09-09 10:10:07.477 ==> 开始连接....
2021-09-09 10:10:07.507 ==> 连接成功....
2021-09-09 10:10:07.585 ==> 发送指令成功: FUNCID = 110100, iParkID = 2, nReqItem = 1, nRequestID = 0
2021-09-09 10:10:07.674 ==> 指令应答: FUNCID = 110100, iParkID = 2, nAnsItems = 1, nAnsItemSize = 248, nAnsResult = 0, szErrorInfo = 
2021-09-09 10:10:07.674 ==> 发送指令成功: FUNCID = 992000, iParkID = 3, nReqItem = 1, nRequestID = 0
2021-09-09 10:10:07.710 ==> 指令应答: FUNCID = 992000, iParkID = 3, nAnsItems = 1, nAnsItemSize = 4, nAnsResult = 0, szErrorInfo = 
2021-09-09 10:10:19.661 ==> 发送指令成功: FUNCID = 140303, iParkID = 8, nReqItem = 1, nRequestID = 0
2021-09-09 10:10:20.662 ==> 发送指令成功: FUNCID = 140306, iParkID = 9, nReqItem = 1, nRequestID = 0
2021-09-09 10:10:20.983 ==> 指令应答: FUNCID = 140303, iParkID = 8, nAnsItems = 7, nAnsItemSize = 578, nAnsResult = 0, szErrorInfo = 
2021-09-09 10:10:21.661 ==> 发送指令成功: FUNCID = 140302, iParkID = 11, nReqItem = 1, nRequestID = 0
2021-09-09 10:10:22.661 ==> 发送指令成功: FUNCID = 140301, iParkID = 13, nReqItem = 1, nRequestID = 0
2021-09-09 10:10:22.661 ==> 发送指令成功: FUNCID = 110303, iParkID = 14, nReqItem = 1, nRequestID = 0
2021-09-09 10:10:22.691 ==> 指令应答: FUNCID = 110303, iParkID = 14, nAnsItems = 0, nAnsItemSize = 0, nAnsResult = 0, szErrorInfo = 
2021-09-09 10:10:23.662 ==> 发送指令成功: FUNCID = 110306, iParkID = 15, nReqItem = 1, nRequestID = 0
2021-09-09 10:10:23.693 ==> 指令应答: FUNCID = 110306, iParkID = 15, nAnsItems = 0, nAnsItemSize = 0, nAnsResult = 0, szErrorInfo = 
2021-09-09 10:10:24.661 ==> 发送指令成功: FUNCID = 110302, iParkID = 16, nReqItem = 1, nRequestID = 0
2021-09-09 10:10:25.661 ==> 发送指令成功: FUNCID = 110301, iParkID = 17, nReqItem = 1, nRequestID = 0
2021-09-09 10:10:25.833 ==> 指令应答: FUNCID = 110301, iParkID = 17, nAnsItems = 1, nAnsItemSize = 106, nAnsResult = 0, szErrorInfo = 
2021-09-09 10:10:27.868 ==> 指令应答: FUNCID = 140306, iParkID = 9, nAnsItems = 7, nAnsItemSize = 538, nAnsResult = 0, szErrorInfo = 
2021-09-09 10:10:27.869 ==> 指令应答: FUNCID = 140302, iParkID = 11, nAnsItems = 3, nAnsItemSize = 369, nAnsResult = 0, szErrorInfo = 
2021-09-09 10:10:27.874 ==> 指令应答: FUNCID = 140301, iParkID = 13, nAnsItems = 1, nAnsItemSize = 138, nAnsResult = 0, szErrorInfo = 
2021-09-09 10:10:36.519 ==> 发送指令成功: FUNCID = 110200, iParkID = 23, nReqItem = 1, nRequestID = 0
2021-09-09 10:10:36.566 ==> 指令应答: FUNCID = 110200, iParkID = 23, nAnsItems = 1, nAnsItemSize = 320, nAnsResult = -1, szErrorInfo = 客户没有该市场的主股东账户
2021-09-09 10:10:38.920 ==> 指令应答: FUNCID = 110302, iParkID = 16, nAnsItems = 4493, nAnsItemSize = 255, nAnsResult = 0, szErrorInfo = 
2021-09-09 10:10:41.776 ==> 发送指令成功: FUNCID = 110200, iParkID = 26, nReqItem = 1, nRequestID = 0
2021-09-09 10:10:41.809 ==> 指令应答: FUNCID = 110200, iParkID = 26, nAnsItems = 1, nAnsItemSize = 320, nAnsResult = -1, szErrorInfo = 委托类型不合法(
2021-09-09 10:11:46.703 ==> 发送指令成功: FUNCID = 110200, iParkID = 34, nReqItem = 1, nRequestID = 0
2021-09-09 10:11:46.733 ==> 指令应答: FUNCID = 110200, iParkID = 34, nAnsItems = 1, nAnsItemSize = 320, nAnsResult = -1, szErrorInfo = 委托类型不合法(
2021-09-09 10:13:11.895 ==> 发送指令成功: FUNCID = 110200, iParkID = 57, nReqItem = 1, nRequestID = 0
2021-09-09 10:13:11.925 ==> 指令应答: FUNCID = 110200, iParkID = 57, nAnsItems = 1, nAnsItemSize = 320, nAnsResult = -1, szErrorInfo = 客户没有该市场的主股东账户
