2021-09-08 19:37:24.659 ==> ************************************************************************
2021-09-08 19:37:24.659 ==> 日志记录初始化完毕
2021-09-08 19:37:24.659 ==> ************************************************************************
2021-09-08 19:37:24.660 ==> 启动日志....
2021-09-08 19:37:24.660 ==> 开始连接....
2021-09-08 19:37:24.671 ==> 连接成功....
2021-09-08 19:37:24.771 ==> 发送指令成功: FUNCID = 110100, iParkID = 0, nReqItem = 1, nRequestID = 0
2021-09-08 19:37:25.489 ==> 指令应答: FUNCID = 110100, iParkID = 0, nAnsItems = 1, nAnsItemSize = 248, nAnsResult = 0, szErrorInfo = 
2021-09-08 19:37:25.489 ==> 发送指令成功: FUNCID = 992000, iParkID = 1, nReqItem = 1, nRequestID = 0
2021-09-08 19:37:25.499 ==> 指令应答: FUNCID = 992000, iParkID = 1, nAnsItems = 1, nAnsItemSize = 4, nAnsResult = 0, szErrorInfo = 
2021-09-08 19:37:25.527 ==> 启动日志....
2021-09-08 19:37:25.527 ==> 开始连接....
2021-09-08 19:37:25.557 ==> 连接成功....
2021-09-08 19:37:25.633 ==> 发送指令成功: FUNCID = 110100, iParkID = 2, nReqItem = 1, nRequestID = 0
2021-09-08 19:37:25.725 ==> 指令应答: FUNCID = 110100, iParkID = 2, nAnsItems = 1, nAnsItemSize = 248, nAnsResult = 0, szErrorInfo = 
2021-09-08 19:37:25.725 ==> 发送指令成功: FUNCID = 992000, iParkID = 3, nReqItem = 1, nRequestID = 0
2021-09-08 19:37:25.752 ==> 指令应答: FUNCID = 992000, iParkID = 3, nAnsItems = 1, nAnsItemSize = 4, nAnsResult = 0, szErrorInfo = 
2021-09-08 19:37:32.016 ==> 发送指令成功: FUNCID = 140303, iParkID = 6, nReqItem = 1, nRequestID = 0
2021-09-08 19:37:33.005 ==> 发送指令成功: FUNCID = 140306, iParkID = 7, nReqItem = 1, nRequestID = 0
2021-09-08 19:37:33.535 ==> 指令应答: FUNCID = 140303, iParkID = 6, nAnsItems = 9, nAnsItemSize = 578, nAnsResult = 0, szErrorInfo = 
2021-09-08 19:37:33.821 ==> 指令应答: FUNCID = 140306, iParkID = 7, nAnsItems = 5, nAnsItemSize = 538, nAnsResult = 0, szErrorInfo = 
2021-09-08 19:37:34.005 ==> 发送指令成功: FUNCID = 140302, iParkID = 8, nReqItem = 1, nRequestID = 0
2021-09-08 19:37:34.619 ==> 指令应答: FUNCID = 140302, iParkID = 8, nAnsItems = 3, nAnsItemSize = 369, nAnsResult = 0, szErrorInfo = 
2021-09-08 19:37:35.005 ==> 发送指令成功: FUNCID = 140301, iParkID = 10, nReqItem = 1, nRequestID = 0
2021-09-08 19:37:35.005 ==> 发送指令成功: FUNCID = 110303, iParkID = 11, nReqItem = 1, nRequestID = 0
2021-09-08 19:37:35.035 ==> 指令应答: FUNCID = 110303, iParkID = 11, nAnsItems = 0, nAnsItemSize = 0, nAnsResult = 0, szErrorInfo = 
2021-09-08 19:37:35.757 ==> 指令应答: FUNCID = 140301, iParkID = 10, nAnsItems = 1, nAnsItemSize = 138, nAnsResult = 0, szErrorInfo = 
2021-09-08 19:37:36.005 ==> 发送指令成功: FUNCID = 110306, iParkID = 13, nReqItem = 1, nRequestID = 0
2021-09-08 19:37:36.037 ==> 指令应答: FUNCID = 110306, iParkID = 13, nAnsItems = 0, nAnsItemSize = 0, nAnsResult = 0, szErrorInfo = 
2021-09-08 19:37:37.005 ==> 发送指令成功: FUNCID = 110302, iParkID = 14, nReqItem = 1, nRequestID = 0
2021-09-08 19:37:38.005 ==> 发送指令成功: FUNCID = 110301, iParkID = 15, nReqItem = 1, nRequestID = 0
2021-09-08 19:37:38.310 ==> 指令应答: FUNCID = 110301, iParkID = 15, nAnsItems = 1, nAnsItemSize = 106, nAnsResult = 0, szErrorInfo = 
2021-09-08 19:37:45.314 ==> 指令应答: FUNCID = 110302, iParkID = 14, nAnsItems = 4493, nAnsItemSize = 255, nAnsResult = 0, szErrorInfo = 
