2021-09-09 09:23:00.814 ==> ************************************************************************
2021-09-09 09:23:00.814 ==> 日志记录初始化完毕
2021-09-09 09:23:00.814 ==> ************************************************************************
2021-09-09 09:23:00.814 ==> 启动日志....
2021-09-09 09:23:00.814 ==> 开始连接....
2021-09-09 09:23:00.900 ==> 连接成功....
2021-09-09 09:23:00.928 ==> 发送指令成功: FUNCID = 110100, iParkID = 0, nReqItem = 1, nRequestID = 0
2021-09-09 09:23:01.714 ==> 指令应答: FUNCID = 110100, iParkID = 0, nAnsItems = 1, nAnsItemSize = 248, nAnsResult = 0, szErrorInfo = 
2021-09-09 09:23:01.715 ==> 发送指令成功: FUNCID = 992000, iParkID = 1, nReqItem = 1, nRequestID = 0
2021-09-09 09:23:01.775 ==> 指令应答: FUNCID = 992000, iParkID = 1, nAnsItems = 1, nAnsItemSize = 4, nAnsResult = 0, szErrorInfo = 
2021-09-09 09:23:02.008 ==> 启动日志....
2021-09-09 09:23:02.008 ==> 开始连接....
2021-09-09 09:23:02.036 ==> 连接成功....
2021-09-09 09:23:02.119 ==> 发送指令成功: FUNCID = 110100, iParkID = 2, nReqItem = 1, nRequestID = 0
2021-09-09 09:23:02.207 ==> 指令应答: FUNCID = 110100, iParkID = 2, nAnsItems = 1, nAnsItemSize = 248, nAnsResult = 0, szErrorInfo = 
2021-09-09 09:23:02.208 ==> 发送指令成功: FUNCID = 992000, iParkID = 3, nReqItem = 1, nRequestID = 0
2021-09-09 09:23:02.236 ==> 指令应答: FUNCID = 992000, iParkID = 3, nAnsItems = 1, nAnsItemSize = 4, nAnsResult = 0, szErrorInfo = 
2021-09-09 09:23:09.592 ==> 发送指令成功: FUNCID = 140303, iParkID = 6, nReqItem = 1, nRequestID = 0
2021-09-09 09:23:10.316 ==> 指令应答: FUNCID = 140303, iParkID = 6, nAnsItems = 0, nAnsItemSize = 0, nAnsResult = 0, szErrorInfo = 
2021-09-09 09:23:10.583 ==> 发送指令成功: FUNCID = 140306, iParkID = 7, nReqItem = 1, nRequestID = 0
2021-09-09 09:23:11.005 ==> 指令应答: FUNCID = 140306, iParkID = 7, nAnsItems = 0, nAnsItemSize = 0, nAnsResult = 0, szErrorInfo = 
2021-09-09 09:23:11.584 ==> 发送指令成功: FUNCID = 140302, iParkID = 9, nReqItem = 1, nRequestID = 0
2021-09-09 09:23:12.304 ==> 指令应答: FUNCID = 140302, iParkID = 9, nAnsItems = 3, nAnsItemSize = 369, nAnsResult = 0, szErrorInfo = 
2021-09-09 09:23:21.687 ==> 发送指令成功: FUNCID = 140301, iParkID = 13, nReqItem = 1, nRequestID = 0
2021-09-09 09:23:21.771 ==> 发送指令成功: FUNCID = 110303, iParkID = 14, nReqItem = 1, nRequestID = 0
2021-09-09 09:23:21.802 ==> 指令应答: FUNCID = 110303, iParkID = 14, nAnsItems = 0, nAnsItemSize = 0, nAnsResult = 0, szErrorInfo = 
2021-09-09 09:23:22.770 ==> 发送指令成功: FUNCID = 110306, iParkID = 17, nReqItem = 1, nRequestID = 0
2021-09-09 09:23:22.801 ==> 指令应答: FUNCID = 110306, iParkID = 17, nAnsItems = 0, nAnsItemSize = 0, nAnsResult = 0, szErrorInfo = 
2021-09-09 09:23:23.770 ==> 发送指令成功: FUNCID = 110302, iParkID = 18, nReqItem = 1, nRequestID = 0
2021-09-09 09:23:24.771 ==> 发送指令成功: FUNCID = 110301, iParkID = 19, nReqItem = 1, nRequestID = 0
2021-09-09 09:23:24.941 ==> 指令应答: FUNCID = 110301, iParkID = 19, nAnsItems = 1, nAnsItemSize = 106, nAnsResult = 0, szErrorInfo = 
2021-09-09 09:23:35.493 ==> 指令应答: FUNCID = 140301, iParkID = 13, nAnsItems = 1, nAnsItemSize = 138, nAnsResult = 0, szErrorInfo = 
2021-09-09 09:23:59.312 ==> 指令应答: FUNCID = 110302, iParkID = 18, nAnsItems = 4493, nAnsItemSize = 255, nAnsResult = 0, szErrorInfo = 
