2021-09-08 22:24:28.468 ==> ************************************************************************
2021-09-08 22:24:28.468 ==> 日志记录初始化完毕
2021-09-08 22:24:28.468 ==> ************************************************************************
2021-09-08 22:24:28.468 ==> 启动日志....
2021-09-08 22:24:28.468 ==> 开始连接....
2021-09-08 22:24:28.482 ==> 连接成功....
2021-09-08 22:24:28.583 ==> 发送指令成功: FUNCID = 110100, iParkID = 0, nReqItem = 1, nRequestID = 0
2021-09-08 22:24:29.307 ==> 指令应答: FUNCID = 110100, iParkID = 0, nAnsItems = 1, nAnsItemSize = 248, nAnsResult = 0, szErrorInfo = 
2021-09-08 22:24:29.307 ==> 发送指令成功: FUNCID = 992000, iParkID = 1, nReqItem = 1, nRequestID = 0
2021-09-08 22:24:29.320 ==> 指令应答: FUNCID = 992000, iParkID = 1, nAnsItems = 1, nAnsItemSize = 4, nAnsResult = 0, szErrorInfo = 
2021-09-08 22:24:29.575 ==> 启动日志....
2021-09-08 22:24:29.575 ==> 开始连接....
2021-09-08 22:24:29.603 ==> 连接成功....
2021-09-08 22:24:29.688 ==> 发送指令成功: FUNCID = 110100, iParkID = 2, nReqItem = 1, nRequestID = 0
2021-09-08 22:24:29.776 ==> 指令应答: FUNCID = 110100, iParkID = 2, nAnsItems = 1, nAnsItemSize = 248, nAnsResult = 0, szErrorInfo = 
2021-09-08 22:24:29.776 ==> 发送指令成功: FUNCID = 992000, iParkID = 3, nReqItem = 1, nRequestID = 0
2021-09-08 22:24:29.803 ==> 指令应答: FUNCID = 992000, iParkID = 3, nAnsItems = 1, nAnsItemSize = 4, nAnsResult = 0, szErrorInfo = 
2021-09-08 22:24:33.890 ==> 发送指令成功: FUNCID = 140303, iParkID = 5, nReqItem = 1, nRequestID = 0
2021-09-08 22:24:34.507 ==> 指令应答: FUNCID = 140303, iParkID = 5, nAnsItems = 0, nAnsItemSize = 0, nAnsResult = 0, szErrorInfo = 
2021-09-08 22:24:34.880 ==> 发送指令成功: FUNCID = 140306, iParkID = 7, nReqItem = 1, nRequestID = 0
2021-09-08 22:24:35.195 ==> 指令应答: FUNCID = 140306, iParkID = 7, nAnsItems = 0, nAnsItemSize = 0, nAnsResult = 0, szErrorInfo = 
2021-09-08 22:24:35.880 ==> 发送指令成功: FUNCID = 140302, iParkID = 8, nReqItem = 1, nRequestID = 0
2021-09-08 22:24:36.497 ==> 指令应答: FUNCID = 140302, iParkID = 8, nAnsItems = 3, nAnsItemSize = 369, nAnsResult = 0, szErrorInfo = 
2021-09-08 22:24:36.880 ==> 发送指令成功: FUNCID = 140301, iParkID = 9, nReqItem = 1, nRequestID = 0
2021-09-08 22:24:36.880 ==> 发送指令成功: FUNCID = 110303, iParkID = 10, nReqItem = 1, nRequestID = 0
2021-09-08 22:24:36.910 ==> 指令应答: FUNCID = 110303, iParkID = 10, nAnsItems = 0, nAnsItemSize = 0, nAnsResult = 0, szErrorInfo = 
2021-09-08 22:24:37.665 ==> 指令应答: FUNCID = 140301, iParkID = 9, nAnsItems = 1, nAnsItemSize = 138, nAnsResult = 0, szErrorInfo = 
2021-09-08 22:24:37.880 ==> 发送指令成功: FUNCID = 110306, iParkID = 11, nReqItem = 1, nRequestID = 0
2021-09-08 22:24:37.910 ==> 指令应答: FUNCID = 110306, iParkID = 11, nAnsItems = 0, nAnsItemSize = 0, nAnsResult = 0, szErrorInfo = 
2021-09-08 22:24:38.880 ==> 发送指令成功: FUNCID = 110302, iParkID = 13, nReqItem = 1, nRequestID = 0
2021-09-08 22:24:39.880 ==> 发送指令成功: FUNCID = 110301, iParkID = 15, nReqItem = 1, nRequestID = 0
2021-09-08 22:24:40.193 ==> 指令应答: FUNCID = 110301, iParkID = 15, nAnsItems = 1, nAnsItemSize = 106, nAnsResult = 0, szErrorInfo = 
2021-09-08 22:24:47.327 ==> 指令应答: FUNCID = 110302, iParkID = 13, nAnsItems = 4493, nAnsItemSize = 255, nAnsResult = 0, szErrorInfo = 
