2021-09-08 19:36:30.722 ==> ************************************************************************
2021-09-08 19:36:30.722 ==> 日志记录初始化完毕
2021-09-08 19:36:30.722 ==> ************************************************************************
2021-09-08 19:36:30.722 ==> 启动日志....
2021-09-08 19:36:30.722 ==> 开始连接....
2021-09-08 19:36:30.736 ==> 连接成功....
2021-09-08 19:36:30.835 ==> 发送指令成功: FUNCID = 110100, iParkID = 0, nReqItem = 1, nRequestID = 0
2021-09-08 19:36:31.557 ==> 指令应答: FUNCID = 110100, iParkID = 0, nAnsItems = 1, nAnsItemSize = 248, nAnsResult = 0, szErrorInfo = 
2021-09-08 19:36:31.557 ==> 发送指令成功: FUNCID = 992000, iParkID = 1, nReqItem = 1, nRequestID = 0
2021-09-08 19:36:31.578 ==> 指令应答: FUNCID = 992000, iParkID = 1, nAnsItems = 1, nAnsItemSize = 4, nAnsResult = 0, szErrorInfo = 
2021-09-08 19:36:31.602 ==> 启动日志....
2021-09-08 19:36:31.602 ==> 开始连接....
2021-09-08 19:36:31.631 ==> 连接成功....
2021-09-08 19:36:31.710 ==> 发送指令成功: FUNCID = 110100, iParkID = 2, nReqItem = 1, nRequestID = 0
2021-09-08 19:36:31.804 ==> 指令应答: FUNCID = 110100, iParkID = 2, nAnsItems = 1, nAnsItemSize = 248, nAnsResult = 0, szErrorInfo = 
2021-09-08 19:36:31.805 ==> 发送指令成功: FUNCID = 992000, iParkID = 3, nReqItem = 1, nRequestID = 0
2021-09-08 19:36:31.833 ==> 指令应答: FUNCID = 992000, iParkID = 3, nAnsItems = 1, nAnsItemSize = 4, nAnsResult = 0, szErrorInfo = 
2021-09-08 19:36:38.918 ==> 发送指令成功: FUNCID = 140303, iParkID = 6, nReqItem = 1, nRequestID = 0
2021-09-08 19:36:39.911 ==> 发送指令成功: FUNCID = 140306, iParkID = 7, nReqItem = 1, nRequestID = 0
2021-09-08 19:36:40.440 ==> 指令应答: FUNCID = 140303, iParkID = 6, nAnsItems = 9, nAnsItemSize = 578, nAnsResult = 0, szErrorInfo = 
2021-09-08 19:36:40.729 ==> 指令应答: FUNCID = 140306, iParkID = 7, nAnsItems = 5, nAnsItemSize = 538, nAnsResult = 0, szErrorInfo = 
2021-09-08 19:36:40.911 ==> 发送指令成功: FUNCID = 140302, iParkID = 9, nReqItem = 1, nRequestID = 0
2021-09-08 19:36:41.530 ==> 指令应答: FUNCID = 140302, iParkID = 9, nAnsItems = 3, nAnsItemSize = 369, nAnsResult = 0, szErrorInfo = 
2021-09-08 19:36:41.912 ==> 发送指令成功: FUNCID = 140301, iParkID = 11, nReqItem = 1, nRequestID = 0
2021-09-08 19:36:41.912 ==> 发送指令成功: FUNCID = 110303, iParkID = 12, nReqItem = 1, nRequestID = 0
2021-09-08 19:36:41.942 ==> 指令应答: FUNCID = 110303, iParkID = 12, nAnsItems = 0, nAnsItemSize = 0, nAnsResult = 0, szErrorInfo = 
2021-09-08 19:36:42.653 ==> 指令应答: FUNCID = 140301, iParkID = 11, nAnsItems = 1, nAnsItemSize = 138, nAnsResult = 0, szErrorInfo = 
2021-09-08 19:36:42.911 ==> 发送指令成功: FUNCID = 110306, iParkID = 13, nReqItem = 1, nRequestID = 0
2021-09-08 19:36:42.943 ==> 指令应答: FUNCID = 110306, iParkID = 13, nAnsItems = 0, nAnsItemSize = 0, nAnsResult = 0, szErrorInfo = 
2021-09-08 19:36:43.911 ==> 发送指令成功: FUNCID = 110302, iParkID = 14, nReqItem = 1, nRequestID = 0
2021-09-08 19:36:44.912 ==> 发送指令成功: FUNCID = 110301, iParkID = 15, nReqItem = 1, nRequestID = 0
