2021-09-09 09:17:11.568 ==> ************************************************************************
2021-09-09 09:17:11.568 ==> 日志记录初始化完毕
2021-09-09 09:17:11.568 ==> ************************************************************************
2021-09-09 09:17:11.568 ==> 启动日志....
2021-09-09 09:17:11.568 ==> 开始连接....
2021-09-09 09:17:11.689 ==> 连接成功....
2021-09-09 09:17:11.793 ==> 发送指令成功: FUNCID = 110100, iParkID = 0, nReqItem = 1, nRequestID = 0
2021-09-09 09:17:12.620 ==> 指令应答: FUNCID = 110100, iParkID = 0, nAnsItems = 1, nAnsItemSize = 248, nAnsResult = 0, szErrorInfo = 
2021-09-09 09:17:12.621 ==> 发送指令成功: FUNCID = 992000, iParkID = 1, nReqItem = 1, nRequestID = 0
2021-09-09 09:17:12.885 ==> 指令应答: FUNCID = 992000, iParkID = 1, nAnsItems = 1, nAnsItemSize = 4, nAnsResult = 0, szErrorInfo = 
2021-09-09 09:17:12.885 ==> 启动日志....
2021-09-09 09:17:12.885 ==> 开始连接....
2021-09-09 09:17:12.914 ==> 连接成功....
2021-09-09 09:17:12.996 ==> 发送指令成功: FUNCID = 110100, iParkID = 2, nReqItem = 1, nRequestID = 0
2021-09-09 09:17:13.149 ==> 指令应答: FUNCID = 110100, iParkID = 2, nAnsItems = 1, nAnsItemSize = 248, nAnsResult = 0, szErrorInfo = 
2021-09-09 09:17:13.150 ==> 发送指令成功: FUNCID = 992000, iParkID = 3, nReqItem = 1, nRequestID = 0
2021-09-09 09:17:13.176 ==> 指令应答: FUNCID = 992000, iParkID = 3, nAnsItems = 1, nAnsItemSize = 4, nAnsResult = 0, szErrorInfo = 
2021-09-09 09:17:24.052 ==> 发送指令成功: FUNCID = 140303, iParkID = 8, nReqItem = 1, nRequestID = 0
2021-09-09 09:17:24.776 ==> 指令应答: FUNCID = 140303, iParkID = 8, nAnsItems = 0, nAnsItemSize = 0, nAnsResult = 0, szErrorInfo = 
2021-09-09 09:17:25.051 ==> 发送指令成功: FUNCID = 140306, iParkID = 9, nReqItem = 1, nRequestID = 0
2021-09-09 09:17:25.472 ==> 指令应答: FUNCID = 140306, iParkID = 9, nAnsItems = 0, nAnsItemSize = 0, nAnsResult = 0, szErrorInfo = 
2021-09-09 09:17:26.052 ==> 发送指令成功: FUNCID = 140302, iParkID = 10, nReqItem = 1, nRequestID = 0
2021-09-09 09:17:26.774 ==> 指令应答: FUNCID = 140302, iParkID = 10, nAnsItems = 3, nAnsItemSize = 369, nAnsResult = 0, szErrorInfo = 
2021-09-09 09:17:27.052 ==> 发送指令成功: FUNCID = 140301, iParkID = 12, nReqItem = 1, nRequestID = 0
2021-09-09 09:17:27.052 ==> 发送指令成功: FUNCID = 110303, iParkID = 13, nReqItem = 1, nRequestID = 0
2021-09-09 09:17:27.081 ==> 指令应答: FUNCID = 110303, iParkID = 13, nAnsItems = 0, nAnsItemSize = 0, nAnsResult = 0, szErrorInfo = 
2021-09-09 09:17:27.924 ==> 指令应答: FUNCID = 140301, iParkID = 12, nAnsItems = 1, nAnsItemSize = 138, nAnsResult = 0, szErrorInfo = 
2021-09-09 09:17:28.051 ==> 发送指令成功: FUNCID = 110306, iParkID = 15, nReqItem = 1, nRequestID = 0
2021-09-09 09:17:28.080 ==> 指令应答: FUNCID = 110306, iParkID = 15, nAnsItems = 0, nAnsItemSize = 0, nAnsResult = 0, szErrorInfo = 
2021-09-09 09:17:29.052 ==> 发送指令成功: FUNCID = 110302, iParkID = 16, nReqItem = 1, nRequestID = 0
2021-09-09 09:17:30.052 ==> 发送指令成功: FUNCID = 110301, iParkID = 17, nReqItem = 1, nRequestID = 0
2021-09-09 09:17:30.218 ==> 指令应答: FUNCID = 110301, iParkID = 17, nAnsItems = 1, nAnsItemSize = 106, nAnsResult = 0, szErrorInfo = 
2021-09-09 09:17:41.945 ==> 指令应答: FUNCID = 110302, iParkID = 16, nAnsItems = 4493, nAnsItemSize = 255, nAnsResult = 0, szErrorInfo = 
