2021-09-09 09:15:25.379 ==> ************************************************************************
2021-09-09 09:15:25.379 ==> 日志记录初始化完毕
2021-09-09 09:15:25.379 ==> ************************************************************************
2021-09-09 09:15:25.379 ==> 启动日志....
2021-09-09 09:15:25.379 ==> 开始连接....
2021-09-09 09:15:25.501 ==> 连接成功....
2021-09-09 09:15:25.592 ==> 发送指令成功: FUNCID = 110100, iParkID = 0, nReqItem = 1, nRequestID = 0
2021-09-09 09:15:26.785 ==> 指令应答: FUNCID = 110100, iParkID = 0, nAnsItems = 1, nAnsItemSize = 248, nAnsResult = 0, szErrorInfo = 
2021-09-09 09:15:26.785 ==> 发送指令成功: FUNCID = 992000, iParkID = 1, nReqItem = 1, nRequestID = 0
2021-09-09 09:15:27.014 ==> 启动日志....
2021-09-09 09:15:27.014 ==> 开始连接....
2021-09-09 09:15:27.042 ==> 连接成功....
2021-09-09 09:15:27.115 ==> 发送指令成功: FUNCID = 110100, iParkID = 2, nReqItem = 1, nRequestID = 0
2021-09-09 09:15:27.215 ==> 指令应答: FUNCID = 110100, iParkID = 2, nAnsItems = 1, nAnsItemSize = 248, nAnsResult = 0, szErrorInfo = 
2021-09-09 09:15:27.215 ==> 发送指令成功: FUNCID = 992000, iParkID = 3, nReqItem = 1, nRequestID = 0
2021-09-09 09:15:27.242 ==> 指令应答: FUNCID = 992000, iParkID = 3, nAnsItems = 1, nAnsItemSize = 4, nAnsResult = 0, szErrorInfo = 
2021-09-09 09:15:27.578 ==> 发送指令成功: FUNCID = 140303, iParkID = 4, nReqItem = 1, nRequestID = 0
2021-09-09 09:15:28.334 ==> 指令应答: FUNCID = 992000, iParkID = 1, nAnsItems = 1, nAnsItemSize = 4, nAnsResult = 0, szErrorInfo = 
2021-09-09 09:15:28.613 ==> 发送指令成功: FUNCID = 140306, iParkID = 5, nReqItem = 1, nRequestID = 0
2021-09-09 09:15:28.939 ==> 指令应答: FUNCID = 140303, iParkID = 4, nAnsItems = 0, nAnsItemSize = 0, nAnsResult = 0, szErrorInfo = 
2021-09-09 09:15:29.035 ==> 指令应答: FUNCID = 140306, iParkID = 5, nAnsItems = 0, nAnsItemSize = 0, nAnsResult = 0, szErrorInfo = 
2021-09-09 09:15:29.599 ==> 发送指令成功: FUNCID = 140302, iParkID = 6, nReqItem = 1, nRequestID = 0
2021-09-09 09:15:30.322 ==> 指令应答: FUNCID = 140302, iParkID = 6, nAnsItems = 3, nAnsItemSize = 369, nAnsResult = 0, szErrorInfo = 
2021-09-09 09:15:30.599 ==> 发送指令成功: FUNCID = 140301, iParkID = 8, nReqItem = 1, nRequestID = 0
2021-09-09 09:15:30.599 ==> 发送指令成功: FUNCID = 110303, iParkID = 9, nReqItem = 1, nRequestID = 0
2021-09-09 09:15:30.629 ==> 指令应答: FUNCID = 110303, iParkID = 9, nAnsItems = 0, nAnsItemSize = 0, nAnsResult = 0, szErrorInfo = 
2021-09-09 09:15:31.598 ==> 发送指令成功: FUNCID = 110306, iParkID = 10, nReqItem = 1, nRequestID = 0
2021-09-09 09:15:31.629 ==> 指令应答: FUNCID = 110306, iParkID = 10, nAnsItems = 0, nAnsItemSize = 0, nAnsResult = 0, szErrorInfo = 
2021-09-09 09:15:31.784 ==> 指令应答: FUNCID = 140301, iParkID = 8, nAnsItems = 1, nAnsItemSize = 138, nAnsResult = 0, szErrorInfo = 
