2021-09-08 19:58:10.219 ==> ************************************************************************
2021-09-08 19:58:10.219 ==> 日志记录初始化完毕
2021-09-08 19:58:10.219 ==> ************************************************************************
2021-09-08 19:58:10.220 ==> 启动日志....
2021-09-08 19:58:10.220 ==> 开始连接....
2021-09-08 19:58:10.231 ==> 连接成功....
2021-09-08 19:58:10.338 ==> 发送指令成功: FUNCID = 110100, iParkID = 0, nReqItem = 1, nRequestID = 0
2021-09-08 19:58:11.055 ==> 指令应答: FUNCID = 110100, iParkID = 0, nAnsItems = 1, nAnsItemSize = 248, nAnsResult = 0, szErrorInfo = 
2021-09-08 19:58:11.055 ==> 发送指令成功: FUNCID = 992000, iParkID = 1, nReqItem = 1, nRequestID = 0
2021-09-08 19:58:11.066 ==> 指令应答: FUNCID = 992000, iParkID = 1, nAnsItems = 1, nAnsItemSize = 4, nAnsResult = 0, szErrorInfo = 
2021-09-08 19:58:11.324 ==> 启动日志....
2021-09-08 19:58:11.324 ==> 开始连接....
2021-09-08 19:58:11.355 ==> 连接成功....
2021-09-08 19:58:11.437 ==> 发送指令成功: FUNCID = 110100, iParkID = 2, nReqItem = 1, nRequestID = 0
2021-09-08 19:58:11.524 ==> 指令应答: FUNCID = 110100, iParkID = 2, nAnsItems = 1, nAnsItemSize = 248, nAnsResult = 0, szErrorInfo = 
2021-09-08 19:58:11.524 ==> 发送指令成功: FUNCID = 992000, iParkID = 3, nReqItem = 1, nRequestID = 0
2021-09-08 19:58:11.550 ==> 指令应答: FUNCID = 992000, iParkID = 3, nAnsItems = 1, nAnsItemSize = 4, nAnsResult = 0, szErrorInfo = 
2021-09-08 19:58:16.538 ==> 发送指令成功: FUNCID = 140303, iParkID = 6, nReqItem = 1, nRequestID = 0
2021-09-08 19:58:17.536 ==> 发送指令成功: FUNCID = 140306, iParkID = 7, nReqItem = 1, nRequestID = 0
2021-09-08 19:58:18.055 ==> 指令应答: FUNCID = 140303, iParkID = 6, nAnsItems = 9, nAnsItemSize = 578, nAnsResult = 0, szErrorInfo = 
2021-09-08 19:58:18.354 ==> 指令应答: FUNCID = 140306, iParkID = 7, nAnsItems = 5, nAnsItemSize = 538, nAnsResult = 0, szErrorInfo = 
2021-09-08 19:58:18.536 ==> 发送指令成功: FUNCID = 140302, iParkID = 8, nReqItem = 1, nRequestID = 0
2021-09-08 19:58:19.155 ==> 指令应答: FUNCID = 140302, iParkID = 8, nAnsItems = 3, nAnsItemSize = 369, nAnsResult = 0, szErrorInfo = 
2021-09-08 19:58:19.536 ==> 发送指令成功: FUNCID = 140301, iParkID = 9, nReqItem = 1, nRequestID = 0
2021-09-08 19:58:19.536 ==> 发送指令成功: FUNCID = 110303, iParkID = 10, nReqItem = 1, nRequestID = 0
2021-09-08 19:58:19.571 ==> 指令应答: FUNCID = 110303, iParkID = 10, nAnsItems = 0, nAnsItemSize = 0, nAnsResult = 0, szErrorInfo = 
2021-09-08 19:58:20.293 ==> 指令应答: FUNCID = 140301, iParkID = 9, nAnsItems = 1, nAnsItemSize = 138, nAnsResult = 0, szErrorInfo = 
2021-09-08 19:58:20.536 ==> 发送指令成功: FUNCID = 110306, iParkID = 12, nReqItem = 1, nRequestID = 0
2021-09-08 19:58:20.566 ==> 指令应答: FUNCID = 110306, iParkID = 12, nAnsItems = 0, nAnsItemSize = 0, nAnsResult = 0, szErrorInfo = 
2021-09-08 19:58:21.536 ==> 发送指令成功: FUNCID = 110302, iParkID = 14, nReqItem = 1, nRequestID = 0
2021-09-08 19:58:22.536 ==> 发送指令成功: FUNCID = 110301, iParkID = 15, nReqItem = 1, nRequestID = 0
2021-09-08 19:58:22.841 ==> 指令应答: FUNCID = 110301, iParkID = 15, nAnsItems = 1, nAnsItemSize = 106, nAnsResult = 0, szErrorInfo = 
2021-09-08 19:58:32.016 ==> 指令应答: FUNCID = 110302, iParkID = 14, nAnsItems = 4493, nAnsItemSize = 255, nAnsResult = 0, szErrorInfo = 
